proguard/seeds.txt
com.teenslane.FilterActivity
com.teenslane.FilterActivity: FilterActivity()
com.teenslane.ForumActivity
com.teenslane.ForumActivity: ForumActivity()
com.teenslane.ForumDetailActivity
com.teenslane.ForumDetailActivity: ForumDetailActivity()
com.teenslane.GalleryActivity
com.teenslane.GalleryActivity: GalleryActivity()
com.teenslane.GalleryActivity: void onClick(android.view.View)
com.teenslane.GalleryuserActivity
com.teenslane.GalleryuserActivity: GalleryuserActivity()
com.teenslane.GalleryuserActivity: void onClick(android.view.View)
com.teenslane.GiftActivity
com.teenslane.GiftActivity: GiftActivity()
com.teenslane.IntroActivity
com.teenslane.IntroActivity: IntroActivity()
com.teenslane.LoadActivity
com.teenslane.LoadActivity: LoadActivity()
com.teenslane.LocalService
com.teenslane.LocalService: LocalService()
com.teenslane.MapActivity
com.teenslane.MapActivity: MapActivity()
com.teenslane.MessagesActivity
com.teenslane.MessagesActivity: MessagesActivity()
com.teenslane.MyfeedActivity
com.teenslane.MyfeedActivity: MyfeedActivity()
com.teenslane.MypetsActivity
com.teenslane.MypetsActivity: MypetsActivity()
com.teenslane.MyprofileActivity
com.teenslane.MyprofileActivity: MyprofileActivity()
com.teenslane.R$anim: int fade_out
com.teenslane.R$attr: int cameraBearing
com.teenslane.R$attr: int cameraTargetLat
com.teenslane.R$attr: int cameraTargetLng
com.teenslane.R$attr: int cameraTilt
com.teenslane.R$attr: int cameraZoom
com.teenslane.R$attr: int mapType
com.teenslane.R$attr: int uiCompass
com.teenslane.R$attr: int uiRotateGestures
com.teenslane.R$attr: int uiScrollGestures
com.teenslane.R$attr: int uiTiltGestures
com.teenslane.R$attr: int uiZoomControls
com.teenslane.R$attr: int uiZoomGestures
com.teenslane.R$attr: int useViewLifecycle
com.teenslane.R$attr: int zOrderOnTop
com.teenslane.R$dimen: int activity_horizontal_margin
com.teenslane.R$dimen: int activity_vertical_margin
com.teenslane.R$drawable: int animal_bad_piggy
com.teenslane.R$drawable: int animal_bunny
com.teenslane.R$drawable: int animal_chick
com.teenslane.R$drawable: int animal_duck
com.teenslane.R$drawable: int animal_piggy
com.teenslane.R$drawable: int animal_teddy
com.teenslane.R$drawable: int arrow
com.teenslane.R$drawable: int background2
com.teenslane.R$drawable: int badge_man_ass
com.teenslane.R$drawable: int badge_man_bad
com.teenslane.R$drawable: int badge_man_hot
com.teenslane.R$drawable: int badge_man_mrbig
com.teenslane.R$drawable: int badge_woman_bad
com.teenslane.R$drawable: int badge_woman_hot_ass
com.teenslane.R$drawable: int badge_woman_hot_body
com.teenslane.R$drawable: int badge_woman_sexy_legs
com.teenslane.R$drawable: int big_kiss
com.teenslane.R$drawable: int big_slap
com.teenslane.R$drawable: int boys
com.teenslane.R$drawable: int btn_forum
com.teenslane.R$drawable: int btn_forum_hover
com.teenslane.R$drawable: int btn_reload
com.teenslane.R$drawable: int btn_reload_hover
com.teenslane.R$drawable: int btn_search
com.teenslane.R$drawable: int btn_search_hover
com.teenslane.R$drawable: int button_back
com.teenslane.R$drawable: int button_back_hover
com.teenslane.R$drawable: int button_background
com.teenslane.R$drawable: int button_background_black
com.teenslane.R$drawable: int button_background_blue
com.teenslane.R$drawable: int button_background_dark
com.teenslane.R$drawable: int button_background_dark_hover
...
android.support.v4.app.BackStackState
android.support.v4.app.BackStackState: android.os.Parcelable$Creator CREATOR
android.support.v4.app.Fragment: Fragment()
android.support.v4.app.Fragment$SavedState
android.support.v4.app.Fragment$SavedState: android.os.Parcelable$Creator CREATOR
android.support.v4.app.FragmentActivity: FragmentActivity()
android.support.v4.app.FragmentManagerState
android.support.v4.app.FragmentManagerState: android.os.Parcelable$Creator CREATOR
android.support.v4.app.FragmentState
android.support.v4.app.FragmentState: android.os.Parcelable$Creator CREATOR
android.support.v4.app.FragmentTabHost: void setOnTabChangedListener(android.widget.TabHost$OnTabChangeListener)
android.support.v4.app.FragmentTabHost$SavedState
android.support.v4.app.FragmentTabHost$SavedState: android.os.Parcelable$Creator CREATOR
android.support.v4.content.ModernAsyncTask$Status: android.support.v4.content.ModernAsyncTask$Status[] values()
android.support.v4.content.ModernAsyncTask$Status: android.support.v4.content.ModernAsyncTask$Status valueOf(java.lang.String)
android.support.v4.view.PagerTabStrip: void setTabIndicatorColor(int)
android.support.v4.view.PagerTabStrip: void setTabIndicatorColorResource(int)
android.support.v4.view.PagerTabStrip: int getTabIndicatorColor()
android.support.v4.view.PagerTabStrip: void setTextSpacing(int)
android.support.v4.view.PagerTabStrip: void setBackgroundDrawable(android.graphics.drawable.Drawable)
android.support.v4.view.PagerTabStrip: void setBackgroundColor(int)
android.support.v4.view.PagerTabStrip: void setBackgroundResource(int)
android.support.v4.view.PagerTabStrip: void setDrawFullUnderline(boolean)
android.support.v4.view.PagerTabStrip: boolean getDrawFullUnderline()
android.support.v4.view.PagerTabStrip: int getMinHeight()
android.support.v4.view.PagerTitleStrip: void setSingleLineAllCaps(android.widget.TextView)
android.support.v4.view.PagerTitleStrip: void setTextSpacing(int)
android.support.v4.view.PagerTitleStrip: int getTextSpacing()
android.support.v4.view.PagerTitleStrip: void setNonPrimaryAlpha(float)
android.support.v4.view.PagerTitleStrip: void setTextColor(int)
android.support.v4.view.PagerTitleStrip: void setGravity(int)
android.support.v4.view.PagerTitleStrip: int getMinHeight()
android.support.v4.view.ViewPager: void setScrollState(int)
android.support.v4.view.ViewPager: void setAdapter(android.support.v4.view.PagerAdapter)
android.support.v4.view.ViewPager: android.support.v4.view.PagerAdapter getAdapter()
android.support.v4.view.ViewPager: void setOnAdapterChangeListener(android.support.v4.view.ViewPager$OnAdapterChangeListener)
android.support.v4.view.ViewPager: void setCurrentItem(int)
android.support.v4.view.ViewPager: int getCurrentItem()
android.support.v4.view.ViewPager: void setOnPageChangeListener(android.support.v4.view.ViewPager$OnPageChangeListener)
android.support.v4.view.ViewPager: void setChildrenDrawingOrderEnabledCompat(boolean)
android.support.v4.view.ViewPager: int getOffscreenPageLimit()
android.support.v4.view.ViewPager: void setOffscreenPageLimit(int)
android.support.v4.view.ViewPager: void setPageMargin(int)
android.support.v4.view.ViewPager: int getPageMargin()
android.support.v4.view.ViewPager: void setPageMarginDrawable(android.graphics.drawable.Drawable)
android.support.v4.view.ViewPager: void setPageMarginDrawable(int)
android.support.v4.view.ViewPager: void setScrollingCacheEnabled(boolean)
android.support.v4.view.ViewPager$SavedState
android.support.v4.view.ViewPager$SavedState: android.os.Parcelable$Creator CREATOR