proguard/mapping.txt
com.teenslane.FilterActivity -> com.teenslane.FilterActivity:
    int distanceDefaultValue -> a
    int distanceMaxValue -> b
    int distanceStepValue -> c
    int distanceMinValue -> d
    int ageDefaultValue -> e
    int ageMinValue -> f
    int ageMaxValue -> g
    int ageStepValue -> h
    int progressFromValue -> i
    int progressToValue -> j
    boolean lookingForManChecked -> k
    boolean lookingForWomanChecked -> l
    boolean lookingForPairStraightChecked -> m
    boolean lookingForPairLesbianChecked -> n
    boolean lookingForPairGayChecked -> o
    boolean bodySexy -> p
    boolean bodySporty -> q
    boolean bodySlender -> r
    boolean bodyJuicy -> s
    boolean bodyMuscle -> t
    boolean ethnicityAsian -> u
    boolean ethnicityBlack -> v
    boolean ethnicityOther -> w
    boolean ethnicityLatino -> x
    boolean ethnicityWhite -> y
    org.json.JSONArray countryListArray -> z
    org.json.JSONArray stateListArray -> A
    org.json.JSONArray citiesListArray -> B
    int loves -> C
    android.widget.Button filter_lookingfor_input -> D
    android.widget.Button filter_age_input -> E
    android.widget.Button filter_country_input -> F
    android.widget.Button filter_state_input -> G
    android.widget.Button filter_city_input -> H
    android.widget.Button filter_loves_input -> I
    android.widget.Button filter_photo_input -> J
    android.widget.RadioButton filter_photo_input_radio -> K
    boolean filter_photo -> L
com.teenslane.FilterActivity$1 -> com.teenslane.a:
    com.teenslane.FilterActivity this$0 -> a
    void onClick(android.view.View) -> onClick
com.teenslane.FilterActivity$10 -> com.teenslane.b:
    com.teenslane.FilterActivity this$0 -> a
    void onClick(android.view.View) -> onClick
com.teenslane.FilterActivity$11 -> com.teenslane.c:
    com.teenslane.FilterActivity this$0 -> a
    void onClick(android.view.View) -> onClick
com.teenslane.FilterActivity$12 -> com.teenslane.d:
    com.teenslane.FilterActivity this$0 -> a
    void onClick(android.view.View) -> onClick
com.teenslane.FilterActivity$13 -> com.teenslane.e:
    com.teenslane.FilterActivity this$0 -> a
    void onClick(android.view.View) -> onClick
com.teenslane.FilterActivity$14 -> com.teenslane.f:
    com.teenslane.FilterActivity this$0 -> a
    void onClick(android.view.View) -> onClick
com.teenslane.FilterActivity$15 -> com.teenslane.g:
    com.teenslane.FilterActivity this$0 -> a
    void onClick(android.view.View) -> onClick
com.teenslane.FilterActivity$16 -> com.teenslane.h:
    com.teenslane.FilterActivity this$0 -> a
    void onClick(android.view.View) -> onClick
com.teenslane.FilterActivity$17 -> com.teenslane.i:
    com.teenslane.FilterActivity this$0 -> a
    android.widget.Spinner val$cityList -> b
    android.app.Dialog val$cityDialog -> c
    void onClick(android.view.View) -> onClick
com.teenslane.FilterActivity$18 -> com.teenslane.j:
    com.teenslane.FilterActivity this$0 -> a
    android.widget.Spinner val$stateList -> b
    android.app.Dialog val$stateDialog -> c
    void onClick(android.view.View) -> onClick
com.teenslane.FilterActivity$19 -> com.teenslane.k:
    com.teenslane.FilterActivity this$0 -> a
    android.widget.Spinner val$countryList -> b
    android.app.Dialog val$countryDialog -> c
    void onClick(android.view.View) -> onClick
com.teenslane.FilterActivity$2 -> com.teenslane.l:
    com.teenslane.FilterActivity this$0 -> a
    void onClick(android.view.View) -> onClick
com.teenslane.FilterActivity$20 -> com.teenslane.m:
    com.teenslane.FilterActivity this$0 -> a
    android.widget.Button val$loves_missionary -> b
    void onClick(android.view.View) -> onClick
com.teenslane.FilterActivity$21 -> com.teenslane.n:
    com.teenslane.FilterActivity this$0 -> a
    android.widget.Button val$loves_69 -> b
    void onClick(android.view.View) -> onClick
...
org.jivesoftware.smack.proxy.ProxyInfo$ProxyType -> b.b.a.f.e:
    org.jivesoftware.smack.proxy.ProxyInfo$ProxyType NONE -> a
    org.jivesoftware.smack.proxy.ProxyInfo$ProxyType HTTP -> b
    org.jivesoftware.smack.proxy.ProxyInfo$ProxyType SOCKS4 -> c
    org.jivesoftware.smack.proxy.ProxyInfo$ProxyType SOCKS5 -> d
    org.jivesoftware.smack.proxy.ProxyInfo$ProxyType[] $VALUES -> e
    org.jivesoftware.smack.proxy.ProxyInfo$ProxyType[] values() -> values
    org.jivesoftware.smack.proxy.ProxyInfo$ProxyType valueOf(java.lang.String) -> valueOf
org.jivesoftware.smack.proxy.Socks4ProxySocketFactory -> b.b.a.f.f:
    org.jivesoftware.smack.proxy.ProxyInfo proxy -> a
    java.net.Socket createSocket(java.lang.String,int) -> createSocket
    java.net.Socket createSocket(java.lang.String,int,java.net.InetAddress,int) -> createSocket
    java.net.Socket createSocket(java.net.InetAddress,int) -> createSocket
    java.net.Socket createSocket(java.net.InetAddress,int,java.net.InetAddress,int) -> createSocket
    java.net.Socket socks4ProxifiedSocket(java.lang.String,int) -> a
org.jivesoftware.smack.proxy.Socks5ProxySocketFactory -> b.b.a.f.g:
    org.jivesoftware.smack.proxy.ProxyInfo proxy -> a
    java.net.Socket createSocket(java.lang.String,int) -> createSocket
    java.net.Socket createSocket(java.lang.String,int,java.net.InetAddress,int) -> createSocket
    java.net.Socket createSocket(java.net.InetAddress,int) -> createSocket
    java.net.Socket createSocket(java.net.InetAddress,int,java.net.InetAddress,int) -> createSocket
    java.net.Socket socks5ProxifiedSocket(java.lang.String,int) -> a
    void fill(java.io.InputStream,byte[],int) -> a
org.jivesoftware.smack.sasl.SASLAnonymous -> b.b.a.g.a:
    java.lang.String getName() -> a
    void authenticate(java.lang.String,java.lang.String,org.apache.harmony.javax.security.auth.callback.CallbackHandler) -> a
    void authenticate(java.lang.String,java.lang.String,java.lang.String) -> a
    void authenticate() -> b
    void challengeReceived(java.lang.String) -> a
org.jivesoftware.smack.sasl.SASLCramMD5Mechanism -> b.b.a.g.b:
    java.lang.String getName() -> a
org.jivesoftware.smack.sasl.SASLDigestMD5Mechanism -> b.b.a.g.c:
    java.lang.String getName() -> a
org.jivesoftware.smack.sasl.SASLExternalMechanism -> b.b.a.g.d:
    java.lang.String getName() -> a
org.jivesoftware.smack.sasl.SASLGSSAPIMechanism -> b.b.a.g.e:
    java.lang.String getName() -> a
    void authenticate(java.lang.String,java.lang.String,org.apache.harmony.javax.security.auth.callback.CallbackHandler) -> a
    void authenticate(java.lang.String,java.lang.String,java.lang.String) -> a
org.jivesoftware.smack.sasl.SASLMechanism -> b.b.a.g.f:
    org.jivesoftware.smack.SASLAuthentication saslAuthentication -> e
    org.apache.harmony.javax.security.sasl.SaslClient sc -> a
    java.lang.String authenticationId -> b
    java.lang.String password -> c
    java.lang.String hostname -> d
    void authenticate(java.lang.String,java.lang.String,java.lang.String) -> a
    void authenticate(java.lang.String,java.lang.String,org.apache.harmony.javax.security.auth.callback.CallbackHandler) -> a
    void authenticate() -> b
    void challengeReceived(java.lang.String) -> a
    java.lang.String getName() -> a
    org.jivesoftware.smack.SASLAuthentication getSASLAuthentication() -> c
    void handle(org.apache.harmony.javax.security.auth.callback.Callback[]) -> a
org.jivesoftware.smack.sasl.SASLMechanism$AuthMechanism -> b.b.a.g.g:
    java.lang.String name -> d
    java.lang.String authenticationText -> e
    org.jivesoftware.smack.sasl.SASLMechanism this$0 -> c
    java.lang.String toXML() -> f
org.jivesoftware.smack.sasl.SASLMechanism$Challenge -> b.b.a.g.h:
    java.lang.String data -> c
    java.lang.String toXML() -> f
org.jivesoftware.smack.sasl.SASLMechanism$Failure -> b.b.a.g.i:
    java.lang.String condition -> c
    java.lang.String toXML() -> f