proguard/usage.txt
com.teenslane.BuildConfig
com.teenslane.FilterActivity:
    1076:1087:public int loveSelected(java.util.ArrayList,java.lang.String)
com.teenslane.GalleryActivity:
    static final int SWIPE_MIN_DISTANCE
    static final int SWIPE_MAX_OFF_PATH
    static final int SWIPE_THRESHOLD_VELOCITY
com.teenslane.GalleryuserActivity:
    static final int SWIPE_MIN_DISTANCE
    static final int SWIPE_MAX_OFF_PATH
    static final int SWIPE_THRESHOLD_VELOCITY
com.teenslane.Helper:
    12:12:public Helper()
    16:34:private static java.io.InputStream OpenHttpConnection(java.lang.String,java.lang.Boolean)
com.teenslane.Manifest
com.teenslane.Manifest$permission
com.teenslane.MyprofileActivity:
    static final java.lang.String SKU_CREDITS
    static final java.lang.String SKU_PREMIUM_MONTH
    static final java.lang.String SKU_PREMIUM_YEAR
    static final java.lang.String SKU_CREDITS_1000
    static final java.lang.String SKU_CREDITS_5000
    static final int RC_REQUEST
    static final java.lang.String TAG
    2983:2991:public int loveSelected(java.util.ArrayList,java.lang.String)
    3485:3487:void complain(java.lang.String)
    3490:3500:void alert(java.lang.String)
com.teenslane.R
com.teenslane.R$anim
com.teenslane.R$attr
com.teenslane.R$dimen
com.teenslane.R$drawable
com.teenslane.R$id
com.teenslane.R$layout
com.teenslane.R$menu
com.teenslane.R$raw
com.teenslane.R$string
com.teenslane.R$style
com.teenslane.R$styleable
com.teenslane.SexActivity:
    public static final java.lang.String REST_SERVER_NAME
    public static final java.lang.String REST_SCRIPT
    public static final java.lang.String REST_IMAGE_SIZE_36
    public static final java.lang.String REST_IMAGE_SIZE_60
    public static final java.lang.String REST_IMAGE_SIZE_148
    public static final java.lang.String REST_IMAGE_SIZE_240
    public static final java.lang.String REST_IMAGE_COVER
    public static final int attributesBodySexy
    public static final int attributesBodySporty
    public static final int attributesBodySlender
    public static final int attributesBodyJuicy
    public static final int attributesBodyMuscular
    public static final int attributesEthnicityAsian
    public static final int attributesEthnicityBlack
    public static final int attributesEthnicityOther
    public static final int attributesEthnicityLatino
    public static final int attributesEthnicityWhite
    public static final int attributesGenderMan
    public static final int attributesGenderWoman
    public static final int attributesGenderPairStraight
    public static final int attributesGenderPairLesbian
    public static final int attributesGenderPairGay
    public static final int attributesLovesMissionary
    public static final int attributesLoves69
    public static final int attributesLovesDoggie
    public static final int attributesLovesBJ
    public static final int attributesLovesPiss
com.teenslane.User:
    public java.lang.String height
    public java.lang.String weight
    public java.lang.String eye_color
    public java.lang.String hair_color
com.teenslane.UserDetailActivity:
    android.media.MediaPlayer mediaPlayerSlap
    1528:1548:public void setMyProfileAboutClicks()
    1817:1817:public void changeBlockText()
    1867:1872:public void setEthnicityValue(int)
    1907:1918:public void setGenderValue(int,java.lang.String)
    1949:1951:public void setBodyValue(int)
    2008:2016:public void setLovesValue(int)
    2020:2031:public int loveSelected(java.util.ArrayList,java.lang.String)
    2882:2925:public void httpBlockAndUnblock(int)
    3164:3166:public float getScreenWidth()
    3171:3190:public int getTopOffset()
com.teenslane.UserDetailActivity$blockAndUnblockUser
...
android.support.v4.accessibilityservice.AccessibilityServiceInfoCompat
android.support.v4.accessibilityservice.AccessibilityServiceInfoCompat$AccessibilityServiceInfoIcsImpl
android.support.v4.accessibilityservice.AccessibilityServiceInfoCompat$AccessibilityServiceInfoStubImpl
android.support.v4.accessibilityservice.AccessibilityServiceInfoCompat$AccessibilityServiceInfoVersionImpl
android.support.v4.accessibilityservice.AccessibilityServiceInfoCompatIcs
android.support.v4.app.ActivityCompat
android.support.v4.app.ActivityCompatHoneycomb:
    27:27:ActivityCompatHoneycomb()
    34:35:static void dump(android.app.Activity,java.lang.String,java.io.FileDescriptor,java.io.PrintWriter,java.lang.String[])
android.support.v4.app.BackStackRecord:
    static final java.lang.String TAG
    static final int OP_NULL
    static final int OP_ADD
    static final int OP_REPLACE
    static final int OP_REMOVE
    static final int OP_HIDE
    static final int OP_SHOW
    static final int OP_DETACH
    static final int OP_ATTACH
    338:338:public int getId()
    342:342:public int getBreadCrumbTitleRes()
    346:346:public int getBreadCrumbShortTitleRes()
    350:353:public java.lang.CharSequence getBreadCrumbTitle()
    357:360:public java.lang.CharSequence getBreadCrumbShortTitle()
    379:380:public android.support.v4.app.FragmentTransaction add(android.support.v4.app.Fragment,java.lang.String)
    384:385:public android.support.v4.app.FragmentTransaction add(int,android.support.v4.app.Fragment)
    421:421:public android.support.v4.app.FragmentTransaction replace(int,android.support.v4.app.Fragment)
    425:430:public android.support.v4.app.FragmentTransaction replace(int,android.support.v4.app.Fragment,java.lang.String)
    434:439:public android.support.v4.app.FragmentTransaction remove(android.support.v4.app.Fragment)
    443:448:public android.support.v4.app.FragmentTransaction hide(android.support.v4.app.Fragment)
    452:457:public android.support.v4.app.FragmentTransaction show(android.support.v4.app.Fragment)
    479:479:public android.support.v4.app.FragmentTransaction setCustomAnimations(int,int)
android.support.v4.app.DialogFragment
android.support.v4.app.Fragment:
    static final int INITIALIZING
    static final int CREATED
    static final int ACTIVITY_CREATED
    static final int STOPPED
    static final int STARTED
    static final int RESUMED
    481:481:public final int getId()
    488:488:public final java.lang.String getTag()
    499:503:public void setArguments(android.os.Bundle)
    522:527:public void setInitialSavedState(android.support.v4.app.Fragment$SavedState)
    541:543:public void setTargetFragment(android.support.v4.app.Fragment,int)
    549:549:public final android.support.v4.app.Fragment getTargetFragment()
    556:556:public final int getTargetRequestCode()
    583:583:public final java.lang.CharSequence getText(int)
    593:593:public final java.lang.String getString(int)
    606:606:public final varargs java.lang.String getString(int,java.lang.Object[])
    620:620:public final android.support.v4.app.FragmentManager getFragmentManager()
    628:640:public final android.support.v4.app.FragmentManager getChildFragmentManager()
    648:648:public final android.support.v4.app.Fragment getParentFragment()
    655:655:public final boolean isAdded()
    673:673:public final boolean isRemoving()
    684:684:public final boolean isInLayout()
    692:692:public final boolean isResumed()
    701:701:public final boolean isVisible()
    713:713:public final boolean isHidden()
    741:746:public void setRetainInstance(boolean)
android.support.v4.app.Fragment$SavedState:
    301:303:Fragment$SavedState(android.os.Bundle)